<?xml version="1.0" encoding="UTF-8"?>
<testsuites name="wo06" tests="12" failures="0" skipped="1">
  <testsuite name="all" tests="12" failures="0" skipped="1">
    <testcase name="D01" classname="wo06.U" time="0">
    </testcase>
    <testcase name="D02" classname="wo06.U" time="0">
    </testcase>
    <testcase name="D03" classname="wo06.U" time="0">
    </testcase>
    <testcase name="D04" classname="wo06.U" time="0">
    </testcase>
    <testcase name="D05" classname="wo06.W" time="0">
    </testcase>
    <testcase name="D06" classname="wo06.W" time="0">
    </testcase>
    <testcase name="D05-two-hour" classname="wo06.W" time="0">
    </testcase>
    <testcase name="D03-nightly" classname="wo06.W" time="0">
    </testcase>
    <testcase name="D05-native-retained" classname="wo06.G" time="0">
    </testcase>
    <testcase name="D05-native-two-hour" classname="wo06.G" time="0">
    </testcase>
    <testcase name="D01-genuine-SF-Stable" classname="wo06.W" time="0">
      <skipped message="missing capability: sf-stable-v1-capture"/>
    </testcase>
    <testcase name="retained" classname="wo06.U" time="0">
    </testcase>
  </testsuite>
</testsuites>

