<?xml version="1.0" encoding="UTF-8"?>
<testsuites name="wo10-units" tests="6" failures="2" skipped="0">
  <testsuite name="all" tests="6" failures="2" skipped="0">
    <testcase name="N02-U" classname="wo10-units.U" time="0">
      <failure type="FAILED" message="expected &gt;= 3 tests, got 1 (exit 1, wanted 0)"></failure>
    </testcase>
    <testcase name="N03" classname="wo10-units.U" time="0">
      <failure type="FAILED" message="expected &gt;= 7 tests, got 6 (exit 1, wanted 0)"></failure>
    </testcase>
    <testcase name="N04" classname="wo10-units.U" time="0">
    </testcase>
    <testcase name="N04-FILTERS" classname="wo10-units.U" time="0">
    </testcase>
    <testcase name="N04-LOOKUP" classname="wo10-units.U" time="0">
    </testcase>
    <testcase name="N04-SCENE" classname="wo10-units.U" time="0">
    </testcase>
  </testsuite>
</testsuites>

