<?xml version="1.0" encoding="UTF-8"?>
<testsuites name="wo08-gpu" tests="6" failures="0" skipped="0">
  <testsuite name="all" tests="6" failures="0" skipped="0">
    <testcase name="R01" classname="wo08-gpu.G" time="0">
    </testcase>
    <testcase name="R02" classname="wo08-gpu.G" time="0">
    </testcase>
    <testcase name="R03" classname="wo08-gpu.G" time="0">
    </testcase>
    <testcase name="R04-G" classname="wo08-gpu.G" time="0">
    </testcase>
    <testcase name="R05" classname="wo08-gpu.G" time="0">
    </testcase>
    <testcase name="R06-G" classname="wo08-gpu.G" time="0">
    </testcase>
  </testsuite>
</testsuites>

