<?xml version="1.0" encoding="UTF-8"?>
<testsuites name="wo09-units" tests="8" failures="0" skipped="0">
  <testsuite name="release" tests="8" failures="0" skipped="0">
    <testcase name="C01-U" classname="wo09-units.U" time="0">
    </testcase>
    <testcase name="C02-U" classname="wo09-units.U" time="0">
    </testcase>
    <testcase name="C03-U" classname="wo09-units.U" time="0">
    </testcase>
    <testcase name="C04" classname="wo09-units.U" time="0">
    </testcase>
    <testcase name="C05-U" classname="wo09-units.U" time="0">
    </testcase>
    <testcase name="C05-XB" classname="wo09-units.U" time="0">
    </testcase>
    <testcase name="C06-U" classname="wo09-units.U" time="0">
    </testcase>
    <testcase name="C06-AUDIO" classname="wo09-units.W" time="0">
    </testcase>
  </testsuite>
</testsuites>

