<?xml version="1.0" encoding="UTF-8"?>
<testsuites name="wo06-verification" tests="8" failures="0" skipped="0">
  <testsuite name="all" tests="8" failures="0" skipped="0">
    <testcase name="D01" classname="wo06-verification.U" time="0">
    </testcase>
    <testcase name="D02" classname="wo06-verification.U" time="0">
    </testcase>
    <testcase name="D03" classname="wo06-verification.U" time="0">
    </testcase>
    <testcase name="D04" classname="wo06-verification.U" time="0">
    </testcase>
    <testcase name="D05" classname="wo06-verification.W" time="0">
    </testcase>
    <testcase name="D06" classname="wo06-verification.W" time="0">
    </testcase>
    <testcase name="D05-two-hour" classname="wo06-verification.W" time="0">
    </testcase>
    <testcase name="D03-nightly" classname="wo06-verification.W" time="0">
    </testcase>
  </testsuite>
</testsuites>

